d:\shared\sysrun\sysrun\x64\debug\vc143.pdb
d:\shared\sysrun\sysrun\x64\debug\vc143.idb
d:\shared\sysrun\sysrun\x64\debug\tokens.obj
d:\shared\sysrun\sysrun\x64\debug\sysrunthread.obj
d:\shared\sysrun\sysrun\x64\debug\sysrundll.obj
d:\shared\sysrun\sysrun\x64\debug\remotethreadrout.obj
d:\shared\sysrun\sysrun\x64\debug\remotememoryoperations.obj
d:\shared\sysrun\sysrun\x64\debug\handles.obj
d:\shared\sysrun\sysrun\x64\debug\error.obj
d:\shared\sysrun\sysrun\x64\debug\conpty.obj
d:\shared\sysrun\x64\debug\sysrun.pdb
d:\shared\sysrun\sysrun\x64\debug\sysrun.tlog\cl.command.1.tlog
d:\shared\sysrun\sysrun\x64\debug\sysrun.tlog\cl.read.1.tlog
d:\shared\sysrun\sysrun\x64\debug\sysrun.tlog\cl.write.1.tlog
d:\shared\sysrun\sysrun\x64\debug\sysrun.tlog\link-cvtres.read.1.tlog
d:\shared\sysrun\sysrun\x64\debug\sysrun.tlog\link-cvtres.write.1.tlog
d:\shared\sysrun\sysrun\x64\debug\sysrun.tlog\link-rc.read.1.tlog
d:\shared\sysrun\sysrun\x64\debug\sysrun.tlog\link-rc.write.1.tlog
d:\shared\sysrun\sysrun\x64\debug\sysrun.tlog\link.command.1.tlog
d:\shared\sysrun\sysrun\x64\debug\sysrun.tlog\link.read.1.tlog
d:\shared\sysrun\sysrun\x64\debug\sysrun.tlog\link.read.2.tlog
d:\shared\sysrun\sysrun\x64\debug\sysrun.tlog\link.write.1.tlog
